<?xml version="1.0" encoding="UTF-8"?>
<testsuite xmlns:xsi="http://www.w3.org/2001/XMLSchema-instance" xsi:noNamespaceSchemaLocation="https://maven.apache.org/surefire/maven-surefire-plugin/xsd/surefire-test-report-3.0.xsd" version="3.0" name="com.mercadolibre.EjercicioApplicationTest" time="6.358" tests="1" errors="0" skipped="0" failures="0">
  <properties>
[...]
</properties>
  <testcase name="applicationContextTest" classname="com.mercadolibre.EjercicioApplicationTest" time="2.113">
    <system-out><![CDATA[17:38:44.611 [main] INFO org.springframework.test.context.support.AnnotationConfigContextLoaderUtils -- Could not detect default configuration classes for test class [com.mercadolibre.EjercicioApplicationTest]: EjercicioApplicationTest does not declare any static, non-private, non-final, nested classes annotated with @Configuration.
17:38:44.724 [main] INFO org.springframework.boot.test.context.SpringBootTestContextBootstrapper -- Found @SpringBootConfiguration com.mercadolibre.EjercicioApplication for test class com.mercadolibre.EjercicioApplicationTest

  .   ____          _            __ _ _
 /\\ / ___'_ __ _ _(_)_ __  __ _ \ \ \ \
( ( )\___ | '_ | '_| | '_ \/ _` | \ \ \ \
 \\/  ___)| |_)| | | | | || (_| |  ) ) ) )
  '  |____| .__|_| |_|_| |_\__, | / / / /
 =========|_|==============|___/=/_/_/_/
 :: Spring Boot ::                (v3.2.5)

2024-05-28T17:38:45.067-03:00  INFO 9978 --- [demo] [           main] c.mercadolibre.EjercicioApplicationTest  : Starting EjercicioApplicationTest using Java 17.0.5 with PID 9978 (started by axelarrondo in /Users/axelarrondo/repo/ejercicio/ejercicio)
2024-05-28T17:38:45.068-03:00  INFO 9978 --- [demo] [           main] c.mercadolibre.EjercicioApplicationTest  : No active profile set, falling back to 1 default profile: "default"
2024-05-28T17:38:45.781-03:00  INFO 9978 --- [demo] [           main] .s.d.r.c.RepositoryConfigurationDelegate : Bootstrapping Spring Data MongoDB repositories in DEFAULT mode.
2024-05-28T17:38:45.818-03:00  INFO 9978 --- [demo] [           main] .s.d.r.c.RepositoryConfigurationDelegate : Finished Spring Data repository scanning in 25 ms. Found 1 MongoDB repository interface.
2024-05-28T17:38:46.661-03:00  INFO 9978 --- [demo] [           main] org.mongodb.driver.client                : MongoClient with metadata {"driver": {"name": "mongo-java-driver|sync|spring-boot", "version": "4.11.2"}, "os": {"type": "Darwin", "name": "Mac OS X", "architecture": "x86_64", "version": "13.6.6"}, "platform": "Java/Eclipse Adoptium/17.0.5+8"} created with settings MongoClientSettings{readPreference=primary, writeConcern=WriteConcern{w=null, wTimeout=null ms, journal=null}, retryWrites=true, retryReads=true, readConcern=ReadConcern{level=null}, credential=MongoCredential{mechanism=null, userName='axelarrondo', source='admin', password=<hidden>, mechanismProperties=<hidden>}, transportSettings=null, streamFactoryFactory=null, commandListeners=[io.micrometer.core.instrument.binder.mongodb.MongoMetricsCommandListener@76216830], codecRegistry=ProvidersCodecRegistry{codecProviders=[ValueCodecProvider{}, BsonValueCodecProvider{}, DBRefCodecProvider{}, DBObjectCodecProvider{}, DocumentCodecProvider{}, CollectionCodecProvider{}, IterableCodecProvider{}, MapCodecProvider{}, GeoJsonCodecProvider{}, GridFSFileCodecProvider{}, Jsr310CodecProvider{}, JsonObjectCodecProvider{}, BsonCodecProvider{}, EnumCodecProvider{}, com.mongodb.client.model.mql.ExpressionCodecProvider@7aded903, com.mongodb.Jep395RecordCodecProvider@2db86a7c, com.mongodb.KotlinCodecProvider@261f359f]}, loggerSettings=LoggerSettings{maxDocumentLength=1000}, clusterSettings={hosts=[127.0.0.1:27017], srvHost=cluster0.uo2oqqs.mongodb.net, srvServiceName=mongodb, mode=MULTIPLE, requiredClusterType=REPLICA_SET, requiredReplicaSetName='atlas-m4p6qm-shard-0', serverSelector='null', clusterListeners='[]', serverSelectionTimeout='30000 ms', localThreshold='15 ms'}, socketSettings=SocketSettings{connectTimeoutMS=10000, readTimeoutMS=0, receiveBufferSize=0, proxySettings=ProxySettings{host=null, port=null, username=null, password=null}}, heartbeatSocketSettings=SocketSettings{connectTimeoutMS=10000, readTimeoutMS=10000, receiveBufferSize=0, proxySettings=ProxySettings{host=null, port=null, username=null, password=null}}, connectionPoolSettings=ConnectionPoolSettings{maxSize=100, minSize=0, maxWaitTimeMS=120000, maxConnectionLifeTimeMS=0, maxConnectionIdleTimeMS=0, maintenanceInitialDelayMS=0, maintenanceFrequencyMS=60000, connectionPoolListeners=[io.micrometer.core.instrument.binder.mongodb.MongoMetricsConnectionPoolListener@5b02a984], maxConnecting=2}, serverSettings=ServerSettings{heartbeatFrequencyMS=10000, minHeartbeatFrequencyMS=500, serverListeners='[]', serverMonitorListeners='[]'}, sslSettings=SslSettings{enabled=true, invalidHostNameAllowed=false, context=null}, applicationName='null', compressorList=[], uuidRepresentation=JAVA_LEGACY, serverApi=null, autoEncryptionSettings=null, dnsClient=null, inetAddressResolver=null, contextProvider=null}
2024-05-28T17:38:46.672-03:00  INFO 9978 --- [demo] [qqs.mongodb.net] org.mongodb.driver.cluster               : Adding discovered server ac-cgx0izb-shard-00-01.uo2oqqs.mongodb.net:27017 to client view of cluster
2024-05-28T17:38:46.699-03:00  INFO 9978 --- [demo] [qqs.mongodb.net] org.mongodb.driver.cluster               : Adding discovered server ac-cgx0izb-shard-00-02.uo2oqqs.mongodb.net:27017 to client view of cluster
2024-05-28T17:38:46.703-03:00  INFO 9978 --- [demo] [qqs.mongodb.net] org.mongodb.driver.cluster               : Adding discovered server ac-cgx0izb-shard-00-00.uo2oqqs.mongodb.net:27017 to client view of cluster
2024-05-28T17:38:47.079-03:00  INFO 9978 --- [demo] [           main] org.mongodb.driver.cluster               : No server chosen by ReadPreferenceServerSelector{readPreference=primary} from cluster description ClusterDescription{type=REPLICA_SET, connectionMode=MULTIPLE, serverDescriptions=[ServerDescription{address=ac-cgx0izb-shard-00-01.uo2oqqs.mongodb.net:27017, type=UNKNOWN, state=CONNECTING}, ServerDescription{address=ac-cgx0izb-shard-00-02.uo2oqqs.mongodb.net:27017, type=UNKNOWN, state=CONNECTING}, ServerDescription{address=ac-cgx0izb-shard-00-00.uo2oqqs.mongodb.net:27017, type=UNKNOWN, state=CONNECTING}]}. Waiting for 30000 ms before timing out
2024-05-28T17:38:47.412-03:00  INFO 9978 --- [demo] [ngodb.net:27017] org.mongodb.driver.cluster               : Monitor thread successfully connected to server with description ServerDescription{address=ac-cgx0izb-shard-00-01.uo2oqqs.mongodb.net:27017, type=REPLICA_SET_SECONDARY, state=CONNECTED, ok=true, minWireVersion=0, maxWireVersion=21, maxDocumentSize=16777216, logicalSessionTimeoutMinutes=30, roundTripTimeNanos=287978194, setName='atlas-m4p6qm-shard-0', canonicalAddress=ac-cgx0izb-shard-00-01.uo2oqqs.mongodb.net:27017, hosts=[ac-cgx0izb-shard-00-01.uo2oqqs.mongodb.net:27017, ac-cgx0izb-shard-00-02.uo2oqqs.mongodb.net:27017, ac-cgx0izb-shard-00-00.uo2oqqs.mongodb.net:27017], passives=[], arbiters=[], primary='ac-cgx0izb-shard-00-02.uo2oqqs.mongodb.net:27017', tagSet=TagSet{[Tag{name='availabilityZone', value='southamerica-east1-b'}, Tag{name='diskState', value='READY'}, Tag{name='nodeType', value='ELECTABLE'}, Tag{name='provider', value='GCP'}, Tag{name='region', value='SOUTH_AMERICA_EAST_1'}, Tag{name='workloadType', value='OPERATIONAL'}]}, electionId=null, setVersion=11, topologyVersion=TopologyVersion{processId=6655e4cd5d160b4d67b8ab81, counter=3}, lastWriteDate=Tue May 28 17:38:47 ART 2024, lastUpdateTimeNanos=44126729892496}
2024-05-28T17:38:47.412-03:00  INFO 9978 --- [demo] [ngodb.net:27017] org.mongodb.driver.cluster               : Monitor thread successfully connected to server with description ServerDescription{address=ac-cgx0izb-shard-00-02.uo2oqqs.mongodb.net:27017, type=REPLICA_SET_PRIMARY, state=CONNECTED, ok=true, minWireVersion=0, maxWireVersion=21, maxDocumentSize=16777216, logicalSessionTimeoutMinutes=30, roundTripTimeNanos=288233413, setName='atlas-m4p6qm-shard-0', canonicalAddress=ac-cgx0izb-shard-00-02.uo2oqqs.mongodb.net:27017, hosts=[ac-cgx0izb-shard-00-01.uo2oqqs.mongodb.net:27017, ac-cgx0izb-shard-00-02.uo2oqqs.mongodb.net:27017, ac-cgx0izb-shard-00-00.uo2oqqs.mongodb.net:27017], passives=[], arbiters=[], primary='ac-cgx0izb-shard-00-02.uo2oqqs.mongodb.net:27017', tagSet=TagSet{[Tag{name='availabilityZone', value='southamerica-east1-c'}, Tag{name='diskState', value='READY'}, Tag{name='nodeType', value='ELECTABLE'}, Tag{name='provider', value='GCP'}, Tag{name='region', value='SOUTH_AMERICA_EAST_1'}, Tag{name='workloadType', value='OPERATIONAL'}]}, electionId=7fffffff00000000000000a3, setVersion=11, topologyVersion=TopologyVersion{processId=6655e479c5a468a007bc5084, counter=6}, lastWriteDate=Tue May 28 17:38:47 ART 2024, lastUpdateTimeNanos=44126730164977}
2024-05-28T17:38:47.412-03:00  INFO 9978 --- [demo] [ngodb.net:27017] org.mongodb.driver.cluster               : Monitor thread successfully connected to server with description ServerDescription{address=ac-cgx0izb-shard-00-00.uo2oqqs.mongodb.net:27017, type=REPLICA_SET_SECONDARY, state=CONNECTED, ok=true, minWireVersion=0, maxWireVersion=21, maxDocumentSize=16777216, logicalSessionTimeoutMinutes=30, roundTripTimeNanos=132791445, setName='atlas-m4p6qm-shard-0', canonicalAddress=ac-cgx0izb-shard-00-00.uo2oqqs.mongodb.net:27017, hosts=[ac-cgx0izb-shard-00-01.uo2oqqs.mongodb.net:27017, ac-cgx0izb-shard-00-02.uo2oqqs.mongodb.net:27017, ac-cgx0izb-shard-00-00.uo2oqqs.mongodb.net:27017], passives=[], arbiters=[], primary='ac-cgx0izb-shard-00-02.uo2oqqs.mongodb.net:27017', tagSet=TagSet{[Tag{name='availabilityZone', value='southamerica-east1-a'}, Tag{name='diskState', value='READY'}, Tag{name='nodeType', value='ELECTABLE'}, Tag{name='provider', value='GCP'}, Tag{name='region', value='SOUTH_AMERICA_EAST_1'}, Tag{name='workloadType', value='OPERATIONAL'}]}, electionId=null, setVersion=11, topologyVersion=TopologyVersion{processId=6655e427c34aa50f1f961710, counter=4}, lastWriteDate=Tue May 28 17:38:47 ART 2024, lastUpdateTimeNanos=44126730230624}
2024-05-28T17:38:47.416-03:00  INFO 9978 --- [demo] [ngodb.net:27017] org.mongodb.driver.cluster               : Discovered replica set primary ac-cgx0izb-shard-00-02.uo2oqqs.mongodb.net:27017 with max election id 7fffffff00000000000000a3 and max set version 11
2024-05-28T17:38:48.552-03:00  INFO 9978 --- [demo] [           main] o.s.b.a.e.web.EndpointLinksResolver      : Exposing 13 endpoint(s) beneath base path '/actuator'
2024-05-28T17:38:48.642-03:00  INFO 9978 --- [demo] [           main] c.mercadolibre.EjercicioApplicationTest  : Started EjercicioApplicationTest in 3.79 seconds (process running for 4.855)

  .   ____          _            __ _ _
 /\\ / ___'_ __ _ _(_)_ __  __ _ \ \ \ \
( ( )\___ | '_ | '_| | '_ \/ _` | \ \ \ \
 \\/  ___)| |_)| | | | | || (_| |  ) ) ) )
  '  |____| .__|_| |_|_| |_\__, | / / / /
 =========|_|==============|___/=/_/_/_/
 :: Spring Boot ::                (v3.2.5)

2024-05-28T17:38:49.401-03:00  INFO 9978 --- [demo] [           main] com.mercadolibre.EjercicioApplication    : Starting EjercicioApplication using Java 17.0.5 with PID 9978 (started by axelarrondo in /Users/axelarrondo/repo/ejercicio/ejercicio)
2024-05-28T17:38:49.402-03:00  INFO 9978 --- [demo] [           main] com.mercadolibre.EjercicioApplication    : No active profile set, falling back to 1 default profile: "default"
2024-05-28T17:38:49.540-03:00  INFO 9978 --- [demo] [           main] .s.d.r.c.RepositoryConfigurationDelegate : Bootstrapping Spring Data MongoDB repositories in DEFAULT mode.
2024-05-28T17:38:49.544-03:00  INFO 9978 --- [demo] [           main] .s.d.r.c.RepositoryConfigurationDelegate : Finished Spring Data repository scanning in 3 ms. Found 1 MongoDB repository interface.
2024-05-28T17:38:49.751-03:00  INFO 9978 --- [demo] [           main] o.s.b.w.embedded.tomcat.TomcatWebServer  : Tomcat initialized with port 8080 (http)
2024-05-28T17:38:49.760-03:00  INFO 9978 --- [demo] [           main] o.apache.catalina.core.StandardService   : Starting service [Tomcat]
2024-05-28T17:38:49.761-03:00  INFO 9978 --- [demo] [           main] o.apache.catalina.core.StandardEngine    : Starting Servlet engine: [Apache Tomcat/10.1.20]
2024-05-28T17:38:49.808-03:00  INFO 9978 --- [demo] [           main] o.a.c.c.C.[Tomcat].[localhost].[/]       : Initializing Spring embedded WebApplicationContext
2024-05-28T17:38:49.809-03:00  INFO 9978 --- [demo] [           main] w.s.c.ServletWebServerApplicationContext : Root WebApplicationContext: initialization completed in 404 ms
2024-05-28T17:38:49.910-03:00  INFO 9978 --- [demo] [           main] org.mongodb.driver.client                : MongoClient with metadata {"driver": {"name": "mongo-java-driver|sync|spring-boot", "version": "4.11.2"}, "os": {"type": "Darwin", "name": "Mac OS X", "architecture": "x86_64", "version": "13.6.6"}, "platform": "Java/Eclipse Adoptium/17.0.5+8"} created with settings MongoClientSettings{readPreference=primary, writeConcern=WriteConcern{w=null, wTimeout=null ms, journal=null}, retryWrites=true, retryReads=true, readConcern=ReadConcern{level=null}, credential=MongoCredential{mechanism=null, userName='axelarrondo', source='admin', password=<hidden>, mechanismProperties=<hidden>}, transportSettings=null, streamFactoryFactory=null, commandListeners=[io.micrometer.core.instrument.binder.mongodb.MongoMetricsCommandListener@70b0dc92], codecRegistry=ProvidersCodecRegistry{codecProviders=[ValueCodecProvider{}, BsonValueCodecProvider{}, DBRefCodecProvider{}, DBObjectCodecProvider{}, DocumentCodecProvider{}, CollectionCodecProvider{}, IterableCodecProvider{}, MapCodecProvider{}, GeoJsonCodecProvider{}, GridFSFileCodecProvider{}, Jsr310CodecProvider{}, JsonObjectCodecProvider{}, BsonCodecProvider{}, EnumCodecProvider{}, com.mongodb.client.model.mql.ExpressionCodecProvider@7aded903, com.mongodb.Jep395RecordCodecProvider@2db86a7c, com.mongodb.KotlinCodecProvider@261f359f]}, loggerSettings=LoggerSettings{maxDocumentLength=1000}, clusterSettings={hosts=[127.0.0.1:27017], srvHost=cluster0.uo2oqqs.mongodb.net, srvServiceName=mongodb, mode=MULTIPLE, requiredClusterType=REPLICA_SET, requiredReplicaSetName='atlas-m4p6qm-shard-0', serverSelector='null', clusterListeners='[]', serverSelectionTimeout='30000 ms', localThreshold='15 ms'}, socketSettings=SocketSettings{connectTimeoutMS=10000, readTimeoutMS=0, receiveBufferSize=0, proxySettings=ProxySettings{host=null, port=null, username=null, password=null}}, heartbeatSocketSettings=SocketSettings{connectTimeoutMS=10000, readTimeoutMS=10000, receiveBufferSize=0, proxySettings=ProxySettings{host=null, port=null, username=null, password=null}}, connectionPoolSettings=ConnectionPoolSettings{maxSize=100, minSize=0, maxWaitTimeMS=120000, maxConnectionLifeTimeMS=0, maxConnectionIdleTimeMS=0, maintenanceInitialDelayMS=0, maintenanceFrequencyMS=60000, connectionPoolListeners=[io.micrometer.core.instrument.binder.mongodb.MongoMetricsConnectionPoolListener@309d54ac], maxConnecting=2}, serverSettings=ServerSettings{heartbeatFrequencyMS=10000, minHeartbeatFrequencyMS=500, serverListeners='[]', serverMonitorListeners='[]'}, sslSettings=SslSettings{enabled=true, invalidHostNameAllowed=false, context=null}, applicationName='null', compressorList=[], uuidRepresentation=JAVA_LEGACY, serverApi=null, autoEncryptionSettings=null, dnsClient=null, inetAddressResolver=null, contextProvider=null}
2024-05-28T17:38:49.926-03:00  INFO 9978 --- [demo] [qqs.mongodb.net] org.mongodb.driver.cluster               : Adding discovered server ac-cgx0izb-shard-00-01.uo2oqqs.mongodb.net:27017 to client view of cluster
2024-05-28T17:38:49.931-03:00  INFO 9978 --- [demo] [qqs.mongodb.net] org.mongodb.driver.cluster               : Adding discovered server ac-cgx0izb-shard-00-02.uo2oqqs.mongodb.net:27017 to client view of cluster
2024-05-28T17:38:49.934-03:00  INFO 9978 --- [demo] [qqs.mongodb.net] org.mongodb.driver.cluster               : Adding discovered server ac-cgx0izb-shard-00-00.uo2oqqs.mongodb.net:27017 to client view of cluster
2024-05-28T17:38:49.937-03:00  INFO 9978 --- [demo] [           main] org.mongodb.driver.cluster               : No server chosen by ReadPreferenceServerSelector{readPreference=primary} from cluster description ClusterDescription{type=REPLICA_SET, connectionMode=MULTIPLE, serverDescriptions=[ServerDescription{address=ac-cgx0izb-shard-00-01.uo2oqqs.mongodb.net:27017, type=UNKNOWN, state=CONNECTING}, ServerDescription{address=ac-cgx0izb-shard-00-02.uo2oqqs.mongodb.net:27017, type=UNKNOWN, state=CONNECTING}, ServerDescription{address=ac-cgx0izb-shard-00-00.uo2oqqs.mongodb.net:27017, type=UNKNOWN, state=CONNECTING}]}. Waiting for 30000 ms before timing out
2024-05-28T17:38:50.100-03:00  INFO 9978 --- [demo] [ngodb.net:27017] org.mongodb.driver.cluster               : Monitor thread successfully connected to server with description ServerDescription{address=ac-cgx0izb-shard-00-01.uo2oqqs.mongodb.net:27017, type=REPLICA_SET_SECONDARY, state=CONNECTED, ok=true, minWireVersion=0, maxWireVersion=21, maxDocumentSize=16777216, logicalSessionTimeoutMinutes=30, roundTripTimeNanos=109185128, setName='atlas-m4p6qm-shard-0', canonicalAddress=ac-cgx0izb-shard-00-01.uo2oqqs.mongodb.net:27017, hosts=[ac-cgx0izb-shard-00-01.uo2oqqs.mongodb.net:27017, ac-cgx0izb-shard-00-02.uo2oqqs.mongodb.net:27017, ac-cgx0izb-shard-00-00.uo2oqqs.mongodb.net:27017], passives=[], arbiters=[], primary='ac-cgx0izb-shard-00-02.uo2oqqs.mongodb.net:27017', tagSet=TagSet{[Tag{name='availabilityZone', value='southamerica-east1-b'}, Tag{name='diskState', value='READY'}, Tag{name='nodeType', value='ELECTABLE'}, Tag{name='provider', value='GCP'}, Tag{name='region', value='SOUTH_AMERICA_EAST_1'}, Tag{name='workloadType', value='OPERATIONAL'}]}, electionId=null, setVersion=11, topologyVersion=TopologyVersion{processId=6655e4cd5d160b4d67b8ab81, counter=3}, lastWriteDate=Tue May 28 17:38:50 ART 2024, lastUpdateTimeNanos=44129422400069}
2024-05-28T17:38:50.109-03:00  INFO 9978 --- [demo] [ngodb.net:27017] org.mongodb.driver.cluster               : Monitor thread successfully connected to server with description ServerDescription{address=ac-cgx0izb-shard-00-00.uo2oqqs.mongodb.net:27017, type=REPLICA_SET_SECONDARY, state=CONNECTED, ok=true, minWireVersion=0, maxWireVersion=21, maxDocumentSize=16777216, logicalSessionTimeoutMinutes=30, roundTripTimeNanos=117775771, setName='atlas-m4p6qm-shard-0', canonicalAddress=ac-cgx0izb-shard-00-00.uo2oqqs.mongodb.net:27017, hosts=[ac-cgx0izb-shard-00-01.uo2oqqs.mongodb.net:27017, ac-cgx0izb-shard-00-02.uo2oqqs.mongodb.net:27017, ac-cgx0izb-shard-00-00.uo2oqqs.mongodb.net:27017], passives=[], arbiters=[], primary='ac-cgx0izb-shard-00-02.uo2oqqs.mongodb.net:27017', tagSet=TagSet{[Tag{name='availabilityZone', value='southamerica-east1-a'}, Tag{name='diskState', value='READY'}, Tag{name='nodeType', value='ELECTABLE'}, Tag{name='provider', value='GCP'}, Tag{name='region', value='SOUTH_AMERICA_EAST_1'}, Tag{name='workloadType', value='OPERATIONAL'}]}, electionId=null, setVersion=11, topologyVersion=TopologyVersion{processId=6655e427c34aa50f1f961710, counter=4}, lastWriteDate=Tue May 28 17:38:50 ART 2024, lastUpdateTimeNanos=44129430989039}
2024-05-28T17:38:50.125-03:00  INFO 9978 --- [demo] [ngodb.net:27017] org.mongodb.driver.cluster               : Monitor thread successfully connected to server with description ServerDescription{address=ac-cgx0izb-shard-00-02.uo2oqqs.mongodb.net:27017, type=REPLICA_SET_PRIMARY, state=CONNECTED, ok=true, minWireVersion=0, maxWireVersion=21, maxDocumentSize=16777216, logicalSessionTimeoutMinutes=30, roundTripTimeNanos=134098629, setName='atlas-m4p6qm-shard-0', canonicalAddress=ac-cgx0izb-shard-00-02.uo2oqqs.mongodb.net:27017, hosts=[ac-cgx0izb-shard-00-01.uo2oqqs.mongodb.net:27017, ac-cgx0izb-shard-00-02.uo2oqqs.mongodb.net:27017, ac-cgx0izb-shard-00-00.uo2oqqs.mongodb.net:27017], passives=[], arbiters=[], primary='ac-cgx0izb-shard-00-02.uo2oqqs.mongodb.net:27017', tagSet=TagSet{[Tag{name='availabilityZone', value='southamerica-east1-c'}, Tag{name='diskState', value='READY'}, Tag{name='nodeType', value='ELECTABLE'}, Tag{name='provider', value='GCP'}, Tag{name='region', value='SOUTH_AMERICA_EAST_1'}, Tag{name='workloadType', value='OPERATIONAL'}]}, electionId=7fffffff00000000000000a3, setVersion=11, topologyVersion=TopologyVersion{processId=6655e479c5a468a007bc5084, counter=6}, lastWriteDate=Tue May 28 17:38:50 ART 2024, lastUpdateTimeNanos=44129447608951}
2024-05-28T17:38:50.126-03:00  INFO 9978 --- [demo] [ngodb.net:27017] org.mongodb.driver.cluster               : Discovered replica set primary ac-cgx0izb-shard-00-02.uo2oqqs.mongodb.net:27017 with max election id 7fffffff00000000000000a3 and max set version 11
2024-05-28T17:38:50.741-03:00  INFO 9978 --- [demo] [           main] o.s.b.a.e.web.EndpointLinksResolver      : Exposing 13 endpoint(s) beneath base path '/actuator'
2024-05-28T17:38:50.777-03:00  INFO 9978 --- [demo] [           main] o.s.b.w.embedded.tomcat.TomcatWebServer  : Tomcat started on port 8080 (http) with context path ''
2024-05-28T17:38:50.783-03:00  INFO 9978 --- [demo] [           main] com.mercadolibre.EjercicioApplication    : Started EjercicioApplication in 1.399 seconds (process running for 6.997)
2024-05-28T17:38:50.786-03:00  INFO 9978 --- [demo] [           main] com.mercadolibre.EjercicioApplication    : Start Application
2024-05-28T17:38:50.786-03:00  INFO 9978 --- [demo] [           main] com.mercadolibre.EjercicioApplication    : do a request!
]]></system-out>
    <system-err><![CDATA[SLF4J(W): Class path contains multiple SLF4J providers.
SLF4J(W): Found provider [ch.qos.logback.classic.spi.LogbackServiceProvider@10e31a9a]
SLF4J(W): Found provider [org.apache.logging.slf4j.SLF4JServiceProvider@131774fe]
SLF4J(W): See https://www.slf4j.org/codes.html#multiple_bindings for an explanation.
SLF4J(I): Actual provider is of type [ch.qos.logback.classic.spi.LogbackServiceProvider@10e31a9a]
]]></system-err>
  </testcase>
</testsuite>