<?xml version="1.0" encoding="UTF-8"?>
<testsuite xmlns:xsi="http://www.w3.org/2001/XMLSchema-instance" xsi:noNamespaceSchemaLocation="https://maven.apache.org/surefire/maven-surefire-plugin/xsd/surefire-test-report-3.0.xsd" version="3.0" name="com.mercadolibre.EjercicioApplicationTest" time="6.495" tests="1" errors="0" skipped="0" failures="0">
  <properties>
[...]
</properties>
  <testcase name="applicationContextTest" classname="com.mercadolibre.EjercicioApplicationTest" time="2.105">
    <system-out><![CDATA[23:31:03.050 [main] INFO org.springframework.test.context.support.AnnotationConfigContextLoaderUtils -- Could not detect default configuration classes for test class [com.mercadolibre.EjercicioApplicationTest]: EjercicioApplicationTest does not declare any static, non-private, non-final, nested classes annotated with @Configuration.
23:31:03.163 [main] INFO org.springframework.boot.test.context.SpringBootTestContextBootstrapper -- Found @SpringBootConfiguration com.mercadolibre.EjercicioApplication for test class com.mercadolibre.EjercicioApplicationTest

  .   ____          _            __ _ _
 /\\ / ___'_ __ _ _(_)_ __  __ _ \ \ \ \
( ( )\___ | '_ | '_| | '_ \/ _` | \ \ \ \
 \\/  ___)| |_)| | | | | || (_| |  ) ) ) )
  '  |____| .__|_| |_|_| |_\__, | / / / /
 =========|_|==============|___/=/_/_/_/
 :: Spring Boot ::                (v3.2.5)

2024-05-26T23:31:03.538-03:00  INFO 3037 --- [demo] [           main] c.mercadolibre.EjercicioApplicationTest  : Starting EjercicioApplicationTest using Java 17.0.5 with PID 3037 (started by axelarrondo in /Users/axelarrondo/repo/ejercicio/ejercicio)
2024-05-26T23:31:03.540-03:00  INFO 3037 --- [demo] [           main] c.mercadolibre.EjercicioApplicationTest  : No active profile set, falling back to 1 default profile: "default"
2024-05-26T23:31:04.277-03:00  INFO 3037 --- [demo] [           main] .s.d.r.c.RepositoryConfigurationDelegate : Bootstrapping Spring Data MongoDB repositories in DEFAULT mode.
2024-05-26T23:31:04.307-03:00  INFO 3037 --- [demo] [           main] .s.d.r.c.RepositoryConfigurationDelegate : Finished Spring Data repository scanning in 27 ms. Found 1 MongoDB repository interface.
2024-05-26T23:31:05.021-03:00  INFO 3037 --- [demo] [qqs.mongodb.net] org.mongodb.driver.cluster               : Adding discovered server ac-cgx0izb-shard-00-01.uo2oqqs.mongodb.net:27017 to client view of cluster
2024-05-26T23:31:05.025-03:00  INFO 3037 --- [demo] [           main] org.mongodb.driver.client                : MongoClient with metadata {"driver": {"name": "mongo-java-driver|sync|spring-boot", "version": "4.11.2"}, "os": {"type": "Darwin", "name": "Mac OS X", "architecture": "x86_64", "version": "13.6.6"}, "platform": "Java/Eclipse Adoptium/17.0.5+8"} created with settings MongoClientSettings{readPreference=primary, writeConcern=WriteConcern{w=null, wTimeout=null ms, journal=null}, retryWrites=true, retryReads=true, readConcern=ReadConcern{level=null}, credential=MongoCredential{mechanism=null, userName='axelarrondo', source='admin', password=<hidden>, mechanismProperties=<hidden>}, transportSettings=null, streamFactoryFactory=null, commandListeners=[io.micrometer.core.instrument.binder.mongodb.MongoMetricsCommandListener@257f30f7], codecRegistry=ProvidersCodecRegistry{codecProviders=[ValueCodecProvider{}, BsonValueCodecProvider{}, DBRefCodecProvider{}, DBObjectCodecProvider{}, DocumentCodecProvider{}, CollectionCodecProvider{}, IterableCodecProvider{}, MapCodecProvider{}, GeoJsonCodecProvider{}, GridFSFileCodecProvider{}, Jsr310CodecProvider{}, JsonObjectCodecProvider{}, BsonCodecProvider{}, EnumCodecProvider{}, com.mongodb.client.model.mql.ExpressionCodecProvider@3fde2209, com.mongodb.Jep395RecordCodecProvider@1f916219, com.mongodb.KotlinCodecProvider@67acfde9]}, loggerSettings=LoggerSettings{maxDocumentLength=1000}, clusterSettings={hosts=[127.0.0.1:27017], srvHost=cluster0.uo2oqqs.mongodb.net, srvServiceName=mongodb, mode=MULTIPLE, requiredClusterType=REPLICA_SET, requiredReplicaSetName='atlas-m4p6qm-shard-0', serverSelector='null', clusterListeners='[]', serverSelectionTimeout='30000 ms', localThreshold='15 ms'}, socketSettings=SocketSettings{connectTimeoutMS=10000, readTimeoutMS=0, receiveBufferSize=0, proxySettings=ProxySettings{host=null, port=null, username=null, password=null}}, heartbeatSocketSettings=SocketSettings{connectTimeoutMS=10000, readTimeoutMS=10000, receiveBufferSize=0, proxySettings=ProxySettings{host=null, port=null, username=null, password=null}}, connectionPoolSettings=ConnectionPoolSettings{maxSize=100, minSize=0, maxWaitTimeMS=120000, maxConnectionLifeTimeMS=0, maxConnectionIdleTimeMS=0, maintenanceInitialDelayMS=0, maintenanceFrequencyMS=60000, connectionPoolListeners=[io.micrometer.core.instrument.binder.mongodb.MongoMetricsConnectionPoolListener@3b088163], maxConnecting=2}, serverSettings=ServerSettings{heartbeatFrequencyMS=10000, minHeartbeatFrequencyMS=500, serverListeners='[]', serverMonitorListeners='[]'}, sslSettings=SslSettings{enabled=true, invalidHostNameAllowed=false, context=null}, applicationName='null', compressorList=[], uuidRepresentation=JAVA_LEGACY, serverApi=null, autoEncryptionSettings=null, dnsClient=null, inetAddressResolver=null, contextProvider=null}
2024-05-26T23:31:05.049-03:00  INFO 3037 --- [demo] [qqs.mongodb.net] org.mongodb.driver.cluster               : Adding discovered server ac-cgx0izb-shard-00-02.uo2oqqs.mongodb.net:27017 to client view of cluster
2024-05-26T23:31:05.053-03:00  INFO 3037 --- [demo] [qqs.mongodb.net] org.mongodb.driver.cluster               : Adding discovered server ac-cgx0izb-shard-00-00.uo2oqqs.mongodb.net:27017 to client view of cluster
2024-05-26T23:31:05.521-03:00  INFO 3037 --- [demo] [           main] org.mongodb.driver.cluster               : No server chosen by ReadPreferenceServerSelector{readPreference=primary} from cluster description ClusterDescription{type=REPLICA_SET, connectionMode=MULTIPLE, serverDescriptions=[ServerDescription{address=ac-cgx0izb-shard-00-01.uo2oqqs.mongodb.net:27017, type=UNKNOWN, state=CONNECTING}, ServerDescription{address=ac-cgx0izb-shard-00-02.uo2oqqs.mongodb.net:27017, type=UNKNOWN, state=CONNECTING}, ServerDescription{address=ac-cgx0izb-shard-00-00.uo2oqqs.mongodb.net:27017, type=UNKNOWN, state=CONNECTING}]}. Waiting for 30000 ms before timing out
2024-05-26T23:31:06.036-03:00  INFO 3037 --- [demo] [ngodb.net:27017] org.mongodb.driver.cluster               : Monitor thread successfully connected to server with description ServerDescription{address=ac-cgx0izb-shard-00-00.uo2oqqs.mongodb.net:27017, type=REPLICA_SET_SECONDARY, state=CONNECTED, ok=true, minWireVersion=0, maxWireVersion=21, maxDocumentSize=16777216, logicalSessionTimeoutMinutes=30, roundTripTimeNanos=289324790, setName='atlas-m4p6qm-shard-0', canonicalAddress=ac-cgx0izb-shard-00-00.uo2oqqs.mongodb.net:27017, hosts=[ac-cgx0izb-shard-00-01.uo2oqqs.mongodb.net:27017, ac-cgx0izb-shard-00-02.uo2oqqs.mongodb.net:27017, ac-cgx0izb-shard-00-00.uo2oqqs.mongodb.net:27017], passives=[], arbiters=[], primary='ac-cgx0izb-shard-00-01.uo2oqqs.mongodb.net:27017', tagSet=TagSet{[Tag{name='availabilityZone', value='southamerica-east1-a'}, Tag{name='diskState', value='READY'}, Tag{name='nodeType', value='ELECTABLE'}, Tag{name='provider', value='GCP'}, Tag{name='region', value='SOUTH_AMERICA_EAST_1'}, Tag{name='workloadType', value='OPERATIONAL'}]}, electionId=null, setVersion=11, topologyVersion=TopologyVersion{processId=6642623f46cbf57fab5549c8, counter=5}, lastWriteDate=Sun May 26 23:31:06 ART 2024, lastUpdateTimeNanos=2685193283876}
2024-05-26T23:31:06.037-03:00  INFO 3037 --- [demo] [ngodb.net:27017] org.mongodb.driver.cluster               : Monitor thread successfully connected to server with description ServerDescription{address=ac-cgx0izb-shard-00-02.uo2oqqs.mongodb.net:27017, type=REPLICA_SET_SECONDARY, state=CONNECTED, ok=true, minWireVersion=0, maxWireVersion=21, maxDocumentSize=16777216, logicalSessionTimeoutMinutes=30, roundTripTimeNanos=294364169, setName='atlas-m4p6qm-shard-0', canonicalAddress=ac-cgx0izb-shard-00-02.uo2oqqs.mongodb.net:27017, hosts=[ac-cgx0izb-shard-00-01.uo2oqqs.mongodb.net:27017, ac-cgx0izb-shard-00-02.uo2oqqs.mongodb.net:27017, ac-cgx0izb-shard-00-00.uo2oqqs.mongodb.net:27017], passives=[], arbiters=[], primary='ac-cgx0izb-shard-00-01.uo2oqqs.mongodb.net:27017', tagSet=TagSet{[Tag{name='availabilityZone', value='southamerica-east1-c'}, Tag{name='diskState', value='READY'}, Tag{name='nodeType', value='ELECTABLE'}, Tag{name='provider', value='GCP'}, Tag{name='region', value='SOUTH_AMERICA_EAST_1'}, Tag{name='workloadType', value='OPERATIONAL'}]}, electionId=null, setVersion=11, topologyVersion=TopologyVersion{processId=664263e8f8ec362895750a8f, counter=5}, lastWriteDate=Sun May 26 23:31:06 ART 2024, lastUpdateTimeNanos=2685198338622}
2024-05-26T23:31:06.039-03:00  INFO 3037 --- [demo] [ngodb.net:27017] org.mongodb.driver.cluster               : Monitor thread successfully connected to server with description ServerDescription{address=ac-cgx0izb-shard-00-01.uo2oqqs.mongodb.net:27017, type=REPLICA_SET_PRIMARY, state=CONNECTED, ok=true, minWireVersion=0, maxWireVersion=21, maxDocumentSize=16777216, logicalSessionTimeoutMinutes=30, roundTripTimeNanos=289293701, setName='atlas-m4p6qm-shard-0', canonicalAddress=ac-cgx0izb-shard-00-01.uo2oqqs.mongodb.net:27017, hosts=[ac-cgx0izb-shard-00-01.uo2oqqs.mongodb.net:27017, ac-cgx0izb-shard-00-02.uo2oqqs.mongodb.net:27017, ac-cgx0izb-shard-00-00.uo2oqqs.mongodb.net:27017], passives=[], arbiters=[], primary='ac-cgx0izb-shard-00-01.uo2oqqs.mongodb.net:27017', tagSet=TagSet{[Tag{name='availabilityZone', value='southamerica-east1-b'}, Tag{name='diskState', value='READY'}, Tag{name='nodeType', value='ELECTABLE'}, Tag{name='provider', value='GCP'}, Tag{name='region', value='SOUTH_AMERICA_EAST_1'}, Tag{name='workloadType', value='OPERATIONAL'}]}, electionId=7fffffff00000000000000a2, setVersion=11, topologyVersion=TopologyVersion{processId=6642611c50df81dd0bc3bf26, counter=9}, lastWriteDate=Sun May 26 23:31:06 ART 2024, lastUpdateTimeNanos=2685193283860}
2024-05-26T23:31:06.043-03:00  INFO 3037 --- [demo] [ngodb.net:27017] org.mongodb.driver.cluster               : Discovered replica set primary ac-cgx0izb-shard-00-01.uo2oqqs.mongodb.net:27017 with max election id 7fffffff00000000000000a2 and max set version 11
2024-05-26T23:31:07.072-03:00  INFO 3037 --- [demo] [           main] o.s.b.a.e.web.EndpointLinksResolver      : Exposing 13 endpoint(s) beneath base path '/actuator'
2024-05-26T23:31:07.127-03:00  INFO 3037 --- [demo] [           main] c.mercadolibre.EjercicioApplicationTest  : Started EjercicioApplicationTest in 3.82 seconds (process running for 4.936)

  .   ____          _            __ _ _
 /\\ / ___'_ __ _ _(_)_ __  __ _ \ \ \ \
( ( )\___ | '_ | '_| | '_ \/ _` | \ \ \ \
 \\/  ___)| |_)| | | | | || (_| |  ) ) ) )
  '  |____| .__|_| |_|_| |_\__, | / / / /
 =========|_|==============|___/=/_/_/_/
 :: Spring Boot ::                (v3.2.5)

2024-05-26T23:31:07.905-03:00  INFO 3037 --- [demo] [           main] com.mercadolibre.EjercicioApplication    : Starting EjercicioApplication using Java 17.0.5 with PID 3037 (started by axelarrondo in /Users/axelarrondo/repo/ejercicio/ejercicio)
2024-05-26T23:31:07.906-03:00  INFO 3037 --- [demo] [           main] com.mercadolibre.EjercicioApplication    : No active profile set, falling back to 1 default profile: "default"
2024-05-26T23:31:08.061-03:00  INFO 3037 --- [demo] [           main] .s.d.r.c.RepositoryConfigurationDelegate : Bootstrapping Spring Data MongoDB repositories in DEFAULT mode.
2024-05-26T23:31:08.064-03:00  INFO 3037 --- [demo] [           main] .s.d.r.c.RepositoryConfigurationDelegate : Finished Spring Data repository scanning in 3 ms. Found 1 MongoDB repository interface.
2024-05-26T23:31:08.280-03:00  INFO 3037 --- [demo] [           main] o.s.b.w.embedded.tomcat.TomcatWebServer  : Tomcat initialized with port 8080 (http)
2024-05-26T23:31:08.291-03:00  INFO 3037 --- [demo] [           main] o.apache.catalina.core.StandardService   : Starting service [Tomcat]
2024-05-26T23:31:08.291-03:00  INFO 3037 --- [demo] [           main] o.apache.catalina.core.StandardEngine    : Starting Servlet engine: [Apache Tomcat/10.1.20]
2024-05-26T23:31:08.337-03:00  INFO 3037 --- [demo] [           main] o.a.c.c.C.[Tomcat].[localhost].[/]       : Initializing Spring embedded WebApplicationContext
2024-05-26T23:31:08.339-03:00  INFO 3037 --- [demo] [           main] w.s.c.ServletWebServerApplicationContext : Root WebApplicationContext: initialization completed in 431 ms
2024-05-26T23:31:08.444-03:00  INFO 3037 --- [demo] [           main] org.mongodb.driver.client                : MongoClient with metadata {"driver": {"name": "mongo-java-driver|sync|spring-boot", "version": "4.11.2"}, "os": {"type": "Darwin", "name": "Mac OS X", "architecture": "x86_64", "version": "13.6.6"}, "platform": "Java/Eclipse Adoptium/17.0.5+8"} created with settings MongoClientSettings{readPreference=primary, writeConcern=WriteConcern{w=null, wTimeout=null ms, journal=null}, retryWrites=true, retryReads=true, readConcern=ReadConcern{level=null}, credential=MongoCredential{mechanism=null, userName='axelarrondo', source='admin', password=<hidden>, mechanismProperties=<hidden>}, transportSettings=null, streamFactoryFactory=null, commandListeners=[io.micrometer.core.instrument.binder.mongodb.MongoMetricsCommandListener@6af0407c], codecRegistry=ProvidersCodecRegistry{codecProviders=[ValueCodecProvider{}, BsonValueCodecProvider{}, DBRefCodecProvider{}, DBObjectCodecProvider{}, DocumentCodecProvider{}, CollectionCodecProvider{}, IterableCodecProvider{}, MapCodecProvider{}, GeoJsonCodecProvider{}, GridFSFileCodecProvider{}, Jsr310CodecProvider{}, JsonObjectCodecProvider{}, BsonCodecProvider{}, EnumCodecProvider{}, com.mongodb.client.model.mql.ExpressionCodecProvider@3fde2209, com.mongodb.Jep395RecordCodecProvider@1f916219, com.mongodb.KotlinCodecProvider@67acfde9]}, loggerSettings=LoggerSettings{maxDocumentLength=1000}, clusterSettings={hosts=[127.0.0.1:27017], srvHost=cluster0.uo2oqqs.mongodb.net, srvServiceName=mongodb, mode=MULTIPLE, requiredClusterType=REPLICA_SET, requiredReplicaSetName='atlas-m4p6qm-shard-0', serverSelector='null', clusterListeners='[]', serverSelectionTimeout='30000 ms', localThreshold='15 ms'}, socketSettings=SocketSettings{connectTimeoutMS=10000, readTimeoutMS=0, receiveBufferSize=0, proxySettings=ProxySettings{host=null, port=null, username=null, password=null}}, heartbeatSocketSettings=SocketSettings{connectTimeoutMS=10000, readTimeoutMS=10000, receiveBufferSize=0, proxySettings=ProxySettings{host=null, port=null, username=null, password=null}}, connectionPoolSettings=ConnectionPoolSettings{maxSize=100, minSize=0, maxWaitTimeMS=120000, maxConnectionLifeTimeMS=0, maxConnectionIdleTimeMS=0, maintenanceInitialDelayMS=0, maintenanceFrequencyMS=60000, connectionPoolListeners=[io.micrometer.core.instrument.binder.mongodb.MongoMetricsConnectionPoolListener@71c1ca1], maxConnecting=2}, serverSettings=ServerSettings{heartbeatFrequencyMS=10000, minHeartbeatFrequencyMS=500, serverListeners='[]', serverMonitorListeners='[]'}, sslSettings=SslSettings{enabled=true, invalidHostNameAllowed=false, context=null}, applicationName='null', compressorList=[], uuidRepresentation=JAVA_LEGACY, serverApi=null, autoEncryptionSettings=null, dnsClient=null, inetAddressResolver=null, contextProvider=null}
2024-05-26T23:31:08.460-03:00  INFO 3037 --- [demo] [qqs.mongodb.net] org.mongodb.driver.cluster               : Adding discovered server ac-cgx0izb-shard-00-01.uo2oqqs.mongodb.net:27017 to client view of cluster
2024-05-26T23:31:08.465-03:00  INFO 3037 --- [demo] [qqs.mongodb.net] org.mongodb.driver.cluster               : Adding discovered server ac-cgx0izb-shard-00-02.uo2oqqs.mongodb.net:27017 to client view of cluster
2024-05-26T23:31:08.469-03:00  INFO 3037 --- [demo] [qqs.mongodb.net] org.mongodb.driver.cluster               : Adding discovered server ac-cgx0izb-shard-00-00.uo2oqqs.mongodb.net:27017 to client view of cluster
2024-05-26T23:31:08.471-03:00  INFO 3037 --- [demo] [           main] org.mongodb.driver.cluster               : No server chosen by ReadPreferenceServerSelector{readPreference=primary} from cluster description ClusterDescription{type=UNKNOWN, connectionMode=MULTIPLE, serverDescriptions=[]}. Waiting for 30000 ms before timing out
2024-05-26T23:31:08.664-03:00  INFO 3037 --- [demo] [ngodb.net:27017] org.mongodb.driver.cluster               : Monitor thread successfully connected to server with description ServerDescription{address=ac-cgx0izb-shard-00-01.uo2oqqs.mongodb.net:27017, type=REPLICA_SET_PRIMARY, state=CONNECTED, ok=true, minWireVersion=0, maxWireVersion=21, maxDocumentSize=16777216, logicalSessionTimeoutMinutes=30, roundTripTimeNanos=135835594, setName='atlas-m4p6qm-shard-0', canonicalAddress=ac-cgx0izb-shard-00-01.uo2oqqs.mongodb.net:27017, hosts=[ac-cgx0izb-shard-00-01.uo2oqqs.mongodb.net:27017, ac-cgx0izb-shard-00-02.uo2oqqs.mongodb.net:27017, ac-cgx0izb-shard-00-00.uo2oqqs.mongodb.net:27017], passives=[], arbiters=[], primary='ac-cgx0izb-shard-00-01.uo2oqqs.mongodb.net:27017', tagSet=TagSet{[Tag{name='availabilityZone', value='southamerica-east1-b'}, Tag{name='diskState', value='READY'}, Tag{name='nodeType', value='ELECTABLE'}, Tag{name='provider', value='GCP'}, Tag{name='region', value='SOUTH_AMERICA_EAST_1'}, Tag{name='workloadType', value='OPERATIONAL'}]}, electionId=7fffffff00000000000000a2, setVersion=11, topologyVersion=TopologyVersion{processId=6642611c50df81dd0bc3bf26, counter=9}, lastWriteDate=Sun May 26 23:31:08 ART 2024, lastUpdateTimeNanos=2687825568505}
2024-05-26T23:31:08.664-03:00  INFO 3037 --- [demo] [ngodb.net:27017] org.mongodb.driver.cluster               : Discovered replica set primary ac-cgx0izb-shard-00-01.uo2oqqs.mongodb.net:27017 with max election id 7fffffff00000000000000a2 and max set version 11
2024-05-26T23:31:08.673-03:00  INFO 3037 --- [demo] [ngodb.net:27017] org.mongodb.driver.cluster               : Monitor thread successfully connected to server with description ServerDescription{address=ac-cgx0izb-shard-00-02.uo2oqqs.mongodb.net:27017, type=REPLICA_SET_SECONDARY, state=CONNECTED, ok=true, minWireVersion=0, maxWireVersion=21, maxDocumentSize=16777216, logicalSessionTimeoutMinutes=30, roundTripTimeNanos=144633491, setName='atlas-m4p6qm-shard-0', canonicalAddress=ac-cgx0izb-shard-00-02.uo2oqqs.mongodb.net:27017, hosts=[ac-cgx0izb-shard-00-01.uo2oqqs.mongodb.net:27017, ac-cgx0izb-shard-00-02.uo2oqqs.mongodb.net:27017, ac-cgx0izb-shard-00-00.uo2oqqs.mongodb.net:27017], passives=[], arbiters=[], primary='ac-cgx0izb-shard-00-01.uo2oqqs.mongodb.net:27017', tagSet=TagSet{[Tag{name='availabilityZone', value='southamerica-east1-c'}, Tag{name='diskState', value='READY'}, Tag{name='nodeType', value='ELECTABLE'}, Tag{name='provider', value='GCP'}, Tag{name='region', value='SOUTH_AMERICA_EAST_1'}, Tag{name='workloadType', value='OPERATIONAL'}]}, electionId=null, setVersion=11, topologyVersion=TopologyVersion{processId=664263e8f8ec362895750a8f, counter=5}, lastWriteDate=Sun May 26 23:31:08 ART 2024, lastUpdateTimeNanos=2687834521549}
2024-05-26T23:31:08.674-03:00  INFO 3037 --- [demo] [ngodb.net:27017] org.mongodb.driver.cluster               : Monitor thread successfully connected to server with description ServerDescription{address=ac-cgx0izb-shard-00-00.uo2oqqs.mongodb.net:27017, type=REPLICA_SET_SECONDARY, state=CONNECTED, ok=true, minWireVersion=0, maxWireVersion=21, maxDocumentSize=16777216, logicalSessionTimeoutMinutes=30, roundTripTimeNanos=145525229, setName='atlas-m4p6qm-shard-0', canonicalAddress=ac-cgx0izb-shard-00-00.uo2oqqs.mongodb.net:27017, hosts=[ac-cgx0izb-shard-00-01.uo2oqqs.mongodb.net:27017, ac-cgx0izb-shard-00-02.uo2oqqs.mongodb.net:27017, ac-cgx0izb-shard-00-00.uo2oqqs.mongodb.net:27017], passives=[], arbiters=[], primary='ac-cgx0izb-shard-00-01.uo2oqqs.mongodb.net:27017', tagSet=TagSet{[Tag{name='availabilityZone', value='southamerica-east1-a'}, Tag{name='diskState', value='READY'}, Tag{name='nodeType', value='ELECTABLE'}, Tag{name='provider', value='GCP'}, Tag{name='region', value='SOUTH_AMERICA_EAST_1'}, Tag{name='workloadType', value='OPERATIONAL'}]}, electionId=null, setVersion=11, topologyVersion=TopologyVersion{processId=6642623f46cbf57fab5549c8, counter=5}, lastWriteDate=Sun May 26 23:31:08 ART 2024, lastUpdateTimeNanos=2687835564485}
2024-05-26T23:31:09.242-03:00  INFO 3037 --- [demo] [           main] o.s.b.a.e.web.EndpointLinksResolver      : Exposing 13 endpoint(s) beneath base path '/actuator'
2024-05-26T23:31:09.278-03:00  INFO 3037 --- [demo] [           main] o.s.b.w.embedded.tomcat.TomcatWebServer  : Tomcat started on port 8080 (http) with context path ''
2024-05-26T23:31:09.284-03:00  INFO 3037 --- [demo] [           main] com.mercadolibre.EjercicioApplication    : Started EjercicioApplication in 1.396 seconds (process running for 7.093)
2024-05-26T23:31:09.288-03:00  INFO 3037 --- [demo] [           main] com.mercadolibre.EjercicioApplication    : Start Application
2024-05-26T23:31:09.288-03:00  INFO 3037 --- [demo] [           main] com.mercadolibre.EjercicioApplication    : do a request!
]]></system-out>
    <system-err><![CDATA[SLF4J(W): Class path contains multiple SLF4J providers.
SLF4J(W): Found provider [ch.qos.logback.classic.spi.LogbackServiceProvider@10e31a9a]
SLF4J(W): Found provider [org.apache.logging.slf4j.SLF4JServiceProvider@131774fe]
SLF4J(W): See https://www.slf4j.org/codes.html#multiple_bindings for an explanation.
SLF4J(I): Actual provider is of type [ch.qos.logback.classic.spi.LogbackServiceProvider@10e31a9a]
]]></system-err>
  </testcase>
</testsuite>